"../../../Engine/Content/EditorBlueprintResources/StandardMacros.uasset" 0
"../../../../../../UnrealProjects/FileUMGTest/ImageCompare/Content/W_RejectedFile.uasset" 1
"../../../../../../UnrealProjects/FileUMGTest/ImageCompare/Content/E_WindowSetting.uasset" 2
"../../../../../../UnrealProjects/FileUMGTest/ImageCompare/Content/E_ResultSize.uasset" 3
"../../../../../../UnrealProjects/FileUMGTest/ImageCompare/Content/E_ExportSetting.uasset" 4
"../../../../../../UnrealProjects/FileUMGTest/ImageCompare/Content/SettingsStruct.uasset" 5
"../../../../../../UnrealProjects/FileUMGTest/ImageCompare/Content/W_SingleCompareText.uasset" 6
"../../../../../../UnrealProjects/FileUMGTest/ImageCompare/Content/W_Settings.uasset" 7
"../../../../../../UnrealProjects/FileUMGTest/ImageCompare/Content/W_ProgressBar.uasset" 8
"../../../../../../UnrealProjects/FileUMGTest/ImageCompare/Content/W_ConfirmQuit.uasset" 9
"../../../../../../UnrealProjects/FileUMGTest/ImageCompare/Content/W_ResultRow.uasset" 10
"../../../../../../UnrealProjects/FileUMGTest/ImageCompare/Content/W_ResultsCurrent.uasset" 11
"../../../../../../UnrealProjects/FileUMGTest/ImageCompare/Content/W_PauseMenu.uasset" 12
"../../../../../../UnrealProjects/FileUMGTest/ImageCompare/Content/E_CompareType.uasset" 13
"../../../../../../UnrealProjects/FileUMGTest/ImageCompare/Content/W_InputFilePath.uasset" 14
"../../../../../../UnrealProjects/FileUMGTest/ImageCompare/Content/W_CompareTextRow.uasset" 15
"../../../../../../UnrealProjects/FileUMGTest/ImageCompare/Content/W_InputCompareText.uasset" 16
"../../../../../../UnrealProjects/FileUMGTest/ImageCompare/Content/W_ChooseCompareType.uasset" 17
"../../../../../../UnrealProjects/FileUMGTest/ImageCompare/Content/W_MainMenu.uasset" 18
"../../../../../../UnrealProjects/FileUMGTest/ImageCompare/Content/W_ConfirmMainMenu.uasset" 19
"../../../../../../UnrealProjects/FileUMGTest/ImageCompare/Content/W_CompareWidget.uasset" 20
"../../../../../../UnrealProjects/FileUMGTest/ImageCompare/Content/W_SingleImage.uasset" 21
"../../../../../../UnrealProjects/FileUMGTest/ImageCompare/Content/W_SinglePreviewImage.uasset" 22
"../../../../../../UnrealProjects/FileUMGTest/ImageCompare/Content/W_PreviewRow.uasset" 23
"../../../../../../UnrealProjects/FileUMGTest/ImageCompare/Content/W_PreviewImages.uasset" 24
"../../../../../../UnrealProjects/FileUMGTest/ImageCompare/Content/W_SingleText.uasset" 25
"../../../../../../UnrealProjects/FileUMGTest/ImageCompare/Content/W_FolderContentsChanged.uasset" 26
"../../../../../../UnrealProjects/FileUMGTest/ImageCompare/Content/W_ResultRowText.uasset" 27
"../../../../../../UnrealProjects/FileUMGTest/ImageCompare/Content/W_ExportResults.uasset" 28
"../../../../../../UnrealProjects/FileUMGTest/ImageCompare/Content/W_ResultsText.uasset" 29
"../../../../../../UnrealProjects/FileUMGTest/ImageCompare/Content/W_Results.uasset" 30
"../../../../../../UnrealProjects/FileUMGTest/ImageCompare/Content/W_FinishScreen.uasset" 31
"../../../../../../UnrealProjects/FileUMGTest/ImageCompare/Content/SaveSettings.uasset" 32
"../../../../../../UnrealProjects/FileUMGTest/ImageCompare/Content/ComparisonStruct.uasset" 33
"../../../../../../UnrealProjects/FileUMGTest/ImageCompare/Content/SaveComparison.uasset" 34
"../../Plugins/Marketplace/FileManAdvanced/Content/FileManMiscBlueprints.uasset" 35
"../../../../../../UnrealProjects/FileUMGTest/ImageCompare/Content/GameInst.uasset" 36
"../../../../../../UnrealProjects/FileUMGTest/ImageCompare/Content/FileBrowser/Textures/Folders_and_Files/File_avi_icon.uasset" 37
"../../../../../../UnrealProjects/FileUMGTest/ImageCompare/Content/FileBrowser/Textures/Folders_and_Files/File_icon.uasset" 38
"../../../../../../UnrealProjects/FileUMGTest/ImageCompare/Content/FileBrowser/Textures/Folders_and_Files/File_mkv_icon.uasset" 39
"../../../../../../UnrealProjects/FileUMGTest/ImageCompare/Content/FileBrowser/Textures/Folders_and_Files/File_mp4_icon.uasset" 40
"../../../../../../UnrealProjects/FileUMGTest/ImageCompare/Content/FileBrowser/Textures/Folders_and_Files/Folder_icon.uasset" 41
"../../../../../../UnrealProjects/FileUMGTest/ImageCompare/Content/FileBrowser/Blueprints/Widget/Folder_Files.uasset" 42
"../../../../../../UnrealProjects/FileUMGTest/ImageCompare/Content/FileBrowser/Textures/Folders_and_Files/Local_disk_icon.uasset" 43
"../../../../../../UnrealProjects/FileUMGTest/ImageCompare/Content/FileBrowser/Blueprints/Widget/Local_disk.uasset" 44
"../../../../../../UnrealProjects/FileUMGTest/ImageCompare/Content/FileBrowser/Textures/Browser/B_slider.uasset" 45
"../../../../../../UnrealProjects/FileUMGTest/ImageCompare/Content/FileBrowser/Textures/Browser/Rewind_Left.uasset" 46
"../../../../../../UnrealProjects/FileUMGTest/ImageCompare/Content/FileBrowser/Blueprints/Widget/Find_Widget.uasset" 47
"../../../../../../UnrealProjects/FileUMGTest/ImageCompare/Content/W_FileExplorer.uasset" 48
"../../../../../../UnrealProjects/FileUMGTest/ImageCompare/Content/W_NameAllImages.uasset" 49
"../../../../../../UnrealProjects/FileUMGTest/ImageCompare/Content/W_ResultsOrder.uasset" 50
"../../../../../../UnrealProjects/FileUMGTest/ImageCompare/Content/W_TitleScreen.uasset" 51
"../../../../../../UnrealProjects/FileUMGTest/ImageCompare/Content/FileBrowser/Blueprints/Actor/FileBrowser3D_Android.uasset" 52
"../../../../../../UnrealProjects/FileUMGTest/ImageCompare/Content/FileBrowser/Textures/Browser/B_slider_vertical.uasset" 53
"../../../../../../UnrealProjects/FileUMGTest/ImageCompare/Content/FileBrowser/Textures/Browser/Play_button.uasset" 54
"../../../../../../UnrealProjects/FileUMGTest/ImageCompare/Content/FileBrowser/Textures/Browser/Rewind_Right.uasset" 55
"../../../../../../UnrealProjects/FileUMGTest/ImageCompare/Content/W_ConfirmNewGame.uasset" 56
"../../../Engine/Content/EngineMaterials/T_Default_Material_Grid_N.uasset" 57
"../../../Engine/Content/EngineMaterials/T_Default_Material_Grid_M.uasset" 58
"../../../Engine/Content/Functions/Engine_MaterialFunctions01/Opacity/CameraDepthFade.uasset" 59
"../../../Engine/Content/EngineMaterials/WorldGridMaterial.uasset" 60
"../../../Engine/Content/ArtTools/RenderToTexture/Meshes/S_1_Unit_Plane.uasset" 61
"../../../Engine/Content/EngineMaterials/DefaultMaterial.uasset" 62
"../../../Engine/Content/BasicShapes/Cone.uasset" 63
"../../../Engine/Content/BasicShapes/Cube.uasset" 64
"../../../Engine/Content/BasicShapes/Plane.uasset" 65
"../../../Engine/Content/EditorLandscapeResources/DataLayer.uasset" 66
"../../../Engine/Content/EditorLandscapeResources/DefaultAlphaTexture.uasset" 67
"../../../Engine/Content/EditorMaterials/MAT_Groups_Toggle.uasset" 68
"../../../Engine/Content/EditorMaterials/MAT_Groups_Visibility.uasset" 69
"../../../Engine/Content/EditorMaterials/PreviewShadowIndicator.uasset" 70
"../../../Engine/Content/EditorMaterials/PreviewShadowIndicatorMaterial.uasset" 71
"../../../Engine/Content/EditorMaterials/MatineeGroups/MAT_ColorTrack.uasset" 72
"../../../Engine/Content/EditorMaterials/MatineeGroups/MAT_Groups_Anim.uasset" 73
"../../../Engine/Content/EditorMaterials/MatineeGroups/MAT_Groups_AudioMaster.uasset" 74
"../../../Engine/Content/EditorMaterials/MatineeGroups/MAT_Groups_Director.uasset" 75
"../../../Engine/Content/EditorMaterials/MatineeGroups/MAT_Groups_Event.uasset" 76
"../../../Engine/Content/EditorMaterials/MatineeGroups/MAT_Groups_Fade.uasset" 77
"../../../Engine/Content/EditorMaterials/MatineeGroups/MAT_Groups_Float.uasset" 78
"../../../Engine/Content/EditorMaterials/MatineeGroups/MAT_Groups_Move.uasset" 79
"../../../Engine/Content/EditorMaterials/MatineeGroups/MAT_Groups_Slomo.uasset" 80
"../../../Engine/Content/EditorMaterials/MatineeGroups/MAT_Groups_Sound.uasset" 81
"../../../Engine/Content/EditorMaterials/MatineeGroups/MAT_Groups_Vector.uasset" 82
"../../../Engine/Content/EditorMaterials/ParticleSystems/PSysThumbnail_NoImage.uasset" 83
"../../../Engine/Content/EditorMaterials/ParticleSystems/PSysThumbnail_OOD.uasset" 84
"../../../Engine/Content/EditorMaterials/Camera/CineMat.uasset" 85
"../../../Engine/Content/EditorMaterials/Camera/MI_CineMat_Rig.uasset" 86
"../../../Engine/Content/EditorMeshes/Camera/SM_CraneRig_Arm.uasset" 87
"../../../Engine/Content/EditorMeshes/Camera/SM_CraneRig_Base.uasset" 88
"../../../Engine/Content/EditorMeshes/Camera/SM_CraneRig_Body.uasset" 89
"../../../Engine/Content/EditorMeshes/Camera/SM_CraneRig_Mount.uasset" 90
"../../../Engine/Content/EditorMeshes/Camera/SM_RailRig_Mount.uasset" 91
"../../../Engine/Content/EditorMeshes/Camera/SM_RailRig_Track.uasset" 92
"../../../Engine/Content/EditorResources/BSPVertex.uasset" 93
"../../../Engine/Content/EditorResources/EmptyActor.uasset" 94
"../../../Engine/Content/EditorResources/S_Actor.uasset" 95
"../../../Engine/Content/EditorResources/S_Note.uasset" 96
"../../../Engine/Content/EditorResources/S_Solver.uasset" 97
"../../../Engine/Content/EditorResources/S_Terrain.uasset" 98
"../../../Engine/Content/EditorResources/S_Trigger.uasset" 99
"../../../Engine/Content/EditorResources/LightIcons/S_LightError.uasset" 100
"../../../Engine/Content/EditorResources/SequenceRecorder/Countdown.uasset" 101
"../../../Engine/Content/EditorResources/SequenceRecorder/RecordingIndicator.uasset" 102
"../../../Engine/Content/EngineDamageTypes/DmgTypeBP_Environmental.uasset" 103
"../../../Engine/Content/EngineDebugMaterials/DebugEditorMaterial.uasset" 104
"../../../Engine/Content/EngineDebugMaterials/DebugMeshMaterial.uasset" 105
"../../../Engine/Content/EngineDebugMaterials/M_SimpleUnlitTranslucent.uasset" 106
"../../../Engine/Content/EngineDebugMaterials/VolumeToRender.uasset" 107
"../../../Engine/Content/Functions/Engine_MaterialFunctions02/Utility/CameraDirectionVector.uasset" 108
"../../../Engine/Content/EngineDebugMaterials/M_VolumeRenderSphereTracePP.uasset" 109
"../../../Engine/Content/Functions/Engine_MaterialFunctions01/Shading/ConvertFromDiffSpec.uasset" 110
"../../../Engine/Content/EngineDebugMaterials/VertexColorMaterial.uasset" 111
"../../../Engine/Content/EngineDebugMaterials/WireframeMaterial.uasset" 112
"../../../Engine/Content/EngineFonts/Faces/RobotoRegular.uasset" 113
"../../../Engine/Content/EngineFonts/Faces/RobotoLight.uasset" 114
"../../../Engine/Content/EngineFonts/Faces/RobotoItalic.uasset" 115
"../../../Engine/Content/EngineFonts/Faces/RobotoBoldItalic.uasset" 116
"../../../Engine/Content/EngineFonts/Faces/RobotoBold.uasset" 117
"../../../Engine/Content/EngineFonts/Faces/DroidSansFallback.uasset" 118
"../../../Engine/Content/EngineFonts/Roboto.uasset" 119
"../../../Engine/Content/EngineMaterials/BaseFlattenNormalMap.uasset" 120
"../../../Engine/Content/EngineMaterials/BaseFlattenGrayscaleMap.uasset" 121
"../../../Engine/Content/EngineMaterials/BaseFlattenEmissiveMap.uasset" 122
"../../../Engine/Content/EngineMaterials/BaseFlattenDiffuseMap.uasset" 123
"../../../Engine/Content/EngineMaterials/BaseFlattenMaterial.uasset" 124
"../../../Engine/Content/EngineMaterials/BlueNoise.uasset" 125
"../../../Engine/Content/EngineMaterials/DefaultBloomKernel.uasset" 126
"../../../Engine/Content/EngineMaterials/DefaultBokeh.uasset" 127
"../../../Engine/Content/EngineMaterials/DefaultDiffuse.uasset" 128
"../../../Engine/Content/EngineMaterials/DefaultDeferredDecalMaterial.uasset" 129
"../../../Engine/Content/EngineMaterials/DefaultLightFunctionMaterial.uasset" 130
"../../../Engine/Content/EngineMaterials/DefaultPhysicalMaterial.uasset" 131
"../../../Engine/Content/Functions/Engine_MaterialFunctions02/Utility/BreakOutFloat2Components.uasset" 132
"../../../Engine/Content/EngineMaterials/DefaultPostProcessMaterial.uasset" 133
"../../../Engine/Content/EngineFonts/RobotoDistanceField.uasset" 134
"../../../Engine/Content/EngineMaterials/DefaultTextMaterialOpaque.uasset" 135
"../../../Engine/Content/EngineMaterials/DefaultWhiteGrid.uasset" 136
"../../../Engine/Content/EngineMaterials/DefaultWhiteGrid_Low.uasset" 137
"../../../Engine/Content/EngineMaterials/EmissiveMeshMaterial.uasset" 138
"../../../Engine/Content/EngineMaterials/GizmoMaterial.uasset" 139
"../../../Engine/Content/EngineMaterials/Good64x64TilingNoiseHighFreq.uasset" 140
"../../../Engine/Content/EngineMaterials/MiniFont.uasset" 141
"../../../Engine/Content/EngineMaterials/InvalidLightmapSettings.uasset" 142
"../../../Engine/Content/EngineMaterials/M_InvalidLightmapSettings.uasset" 143
"../../../Engine/Content/Functions/Engine_MaterialFunctions02/WorldPositionOffset/CameraOffset.uasset" 144
"../../../Engine/Content/EngineMaterials/PhAT_JointLimitMaterial.uasset" 145
"../../../Engine/Content/EngineMaterials/PreintegratedSkinBRDF.uasset" 146
"../../../Engine/Content/EngineMaterials/RemoveSurfaceMaterial.uasset" 147
"../../../Engine/Content/EngineMaterials/WeightMapPlaceholderTexture.uasset" 148
"../../../Engine/Content/EngineResources/WhiteSquareTexture.uasset" 149
"../../../Engine/Content/EngineMaterials/Widget3DPassThrough.uasset" 150
"../../../Engine/Content/EngineMaterials/Widget3DPassThrough_Masked.uasset" 151
"../../../Engine/Content/EngineMaterials/Widget3DPassThrough_Opaque.uasset" 152
"../../../Engine/Content/EngineMaterials/Widget3DPassThrough_Masked_OneSided.uasset" 153
"../../../Engine/Content/EngineMaterials/Widget3DPassThrough_Opaque_OneSided.uasset" 154
"../../../Engine/Content/EngineMaterials/Widget3DPassThrough_Translucent.uasset" 155
"../../../Engine/Content/EngineMaterials/Widget3DPassThrough_Translucent_OneSided.uasset" 156
"../../../Engine/Content/EngineMeshes/Cylinder.uasset" 157
"../../../Engine/Content/EngineMeshes/Sphere.uasset" 158
"../../../Engine/Content/EngineResources/Black.uasset" 159
"../../../Engine/Content/EngineResources/DefaultTextureCube.uasset" 160
"../../../Engine/Content/EngineResources/DefaultVolumeTexture2D.uasset" 161
"../../../Engine/Content/EngineResources/DefaultVolumeTexture.uasset" 162
"../../../Engine/Content/EngineResources/GradientTexture0.uasset" 163
"../../../Engine/Content/EngineSky/VolumetricClouds/T_NoiseShape64.uasset" 164
"../../../Engine/Content/EngineSky/VolumetricClouds/T_VolumeNoiseShape64.uasset" 165
"../../../Engine/Content/EngineSky/VolumetricClouds/T_NoiseErosion.uasset" 166
"../../../Engine/Content/EngineSky/VolumetricClouds/T_VolumeNoiseErosion32.uasset" 167
"../../../Engine/Content/EngineSky/VolumetricClouds/CloudWeatherTexture.uasset" 168
"../../../Engine/Content/EngineSky/VolumetricClouds/CloudGradientTexture.uasset" 169
"../../../Engine/Content/Functions/Engine_MaterialFunctions02/Utility/MakeFloat2.uasset" 170
"../../../Engine/Content/EngineSky/VolumetricClouds/m_SimpleVolumetricCloud.uasset" 171
"../../../Engine/Content/EngineSky/VolumetricClouds/m_SimpleVolumetricCloud_Inst.uasset" 172
"../../../Engine/Content/EngineSounds/Master.uasset" 173
"../../../Engine/Content/Functions/Engine_MaterialFunctions01/Shading/PowerToRoughness.uasset" 174
"../../../Engine/Content/Maps/Templates/Thumbnails/Default.uasset" 175
"../../../Engine/Content/Maps/Templates/Thumbnails/TimeOfDay.uasset" 176
"../../../Engine/Content/Maps/Templates/Thumbnails/VR-Basic.uasset" 177
"../../../Engine/Content/MobileResources/T_MobileControls_texture.uasset" 178
"../../../Engine/Content/MobileResources/T_MobileMenu2.uasset" 179
"../../../Engine/Content/MobileResources/HUD/AnalogHat.uasset" 180
"../../../Engine/Content/MobileResources/HUD/VirtualJoystick_Thumb.uasset" 181
"../../../Engine/Content/MobileResources/HUD/VirtualJoystick_Background.uasset" 182
"../../../Engine/Content/MobileResources/HUD/DefaultVirtualJoysticks.uasset" 183
"../../../Engine/Content/MobileResources/HUD/LeftVirtualJoystickOnly.uasset" 184
"../../../Engine/Content/MobileResources/HUD/MobileHUDButton1_off.uasset" 185
"../../../Engine/Content/MobileResources/HUD/MobileHUDButton1_on.uasset" 186
"../../../Engine/Content/MobileResources/HUD/MobileHUDButton2_off.uasset" 187
"../../../Engine/Content/MobileResources/HUD/MobileHUDButton2_on.uasset" 188
"../../../Engine/Content/MobileResources/HUD/MobileHUDButton3.uasset" 189
"../../../Engine/Content/MobileResources/HUD/MobileHUDButtonFire.uasset" 190
"../../../Engine/Content/MobileResources/HUD/MobileHUDDirectionPad.uasset" 191
"../../../Engine/Content/MobileResources/HUD/MobileHUDDirectionPad2.uasset" 192
"../../../Engine/Content/MobileResources/HUD/MobileHUDDirectionPad3.uasset" 193
"../../../Engine/Content/MobileResources/HUD/MobileHUDDirectionStick.uasset" 194
"../../../Engine/Content/MobileResources/HUD/T_Castle_ThumbstickInner.uasset" 195
"../../../Engine/Content/MobileResources/HUD/T_Castle_ThumbstickOutter.uasset" 196
"../../../Engine/Content/Tutorial/ContentIntroCurve.uasset" 197
"../../../Engine/Content/Tutorial/Basics/LevelEditorAttract.uasset" 198
"../../../Engine/Content/Tutorial/Basics/TutorialAssets/icon_tab_Levels_40x.uasset" 199
"../../../Engine/Content/Tutorial/Basics/LevelEditorOverview.uasset" 200
"../../../Engine/Content/Tutorial/BlueprintTutorials/TutorialAssets/Blueprint_64x.uasset" 201
"../../../Engine/Content/Tutorial/BlueprintTutorials/BlueprintEditorTutorial.uasset" 202
"../../../Engine/Content/VREditor/TransformGizmo/TranslucentTransformGizmoMaterial.uasset" 203
"../../../Engine/Content/VREditor/LaserPointer/VR_LaserPower_01.uasset" 204
"../../../Engine/Content/VREditor/TransformGizmo/TransformGizmoMaterial.uasset" 205
"../../../Engine/Content/VREditor/TransformGizmo/BoundingBoxCorner.uasset" 206
"../../../Engine/Content/VREditor/TransformGizmo/BoundingBoxEdge.uasset" 207
"../../../Engine/Content/VREditor/TransformGizmo/PlaneTranslationHandle.uasset" 208
"../../../Engine/Content/VREditor/TransformGizmo/Xray.uasset" 209
"../../../Engine/Content/VREditor/TransformGizmo/Main.uasset" 210
"../../../Engine/Content/VREditor/TransformGizmo/SM_Sequencer_Key.uasset" 211
"../../../Engine/Content/VREditor/TransformGizmo/SM_Sequencer_Node.uasset" 212
"../../Plugins/2D/Paper2D/Content/PlaceholderTextures/DummySpriteTexture.uasset" 213
"../../Plugins/2D/Paper2D/Content/DummySprite.uasset" 214
"../../Plugins/2D/Paper2D/Content/DefaultPaperTerrainMaterial.uasset" 215
"../../Plugins/2D/Paper2D/Content/DefaultSpriteMaterial.uasset" 216
"../../Plugins/2D/Paper2D/Content/MaskedUnlitSpriteMaterial.uasset" 217
"../../Plugins/2D/Paper2D/Content/OpaqueUnlitSpriteMaterial.uasset" 218
"../../../Engine/Content/ArtTools/RenderToTexture/Materials/Debug/M_Emissive_Color.uasset" 219
"../../../Engine/Content/BasicShapes/Cylinder.uasset" 220
"../../Plugins/Lumin/MagicLeapPassableWorld/Content/MagicLeapARPinInfoActor.uasset" 221
"../../../Engine/Content/Functions/Engine_MaterialFunctions02/Utility/BreakOutFloat3Components.uasset" 222
"../../../Engine/Content/Functions/Engine_MaterialFunctions02/ObjectLocalBounds.uasset" 223
"../../Plugins/Editor/SpeedTreeImporter/Content/SpeedTree9/UnpackInteger3.uasset" 224
"../../Plugins/Editor/SpeedTreeImporter/Content/SpeedTree9/UnpackDirection.uasset" 225
"../../Plugins/Editor/SpeedTreeImporter/Content/SpeedTree9/game_wind_noise.uasset" 226
"../../../Engine/Content/Functions/Engine_MaterialFunctions02/SafeNormalize.uasset" 227
"../../Plugins/Editor/SpeedTreeImporter/Content/SpeedTree9/SpeedTreeWindMotion.uasset" 228
"../../Plugins/Editor/SpeedTreeImporter/Content/SpeedTree9/SpeedTreeBranchMotion.uasset" 229
"../../../Engine/Content/Functions/Engine_MaterialFunctions02/UVs/BoundingBoxBased_0-1_UVW.uasset" 230
"../../Plugins/Editor/SpeedTreeImporter/Content/SpeedTree9/SpeedTreeWind.uasset" 231
"../../Plugins/Editor/SpeedTreeImporter/Content/SpeedTree9/SpeedTreeBillboard.uasset" 232
"../../../Engine/Content/EngineResources/DefaultTexture.uasset" 233
"../../Plugins/Editor/SpeedTreeImporter/Content/SpeedTree9/SpeedTreeBillboardMaster.uasset" 234
"../../Plugins/Editor/SpeedTreeImporter/Content/SpeedTree9/SpeedTreeCameraFacing.uasset" 235
"../../Plugins/Editor/SpeedTreeImporter/Content/SpeedTree9/SpeedTreeMaster.uasset" 236
"../../../../../../UnrealProjects/FileUMGTest/ImageCompare/Content/W_Background.uasset" 237
"../../../../../../UnrealProjects/FileUMGTest/ImageCompare/Content/Level2_BuiltData.uasset" 238
"../../../../../../UnrealProjects/FileUMGTest/ImageCompare/Content/Level2.umap" 239
"../../../../../../UnrealProjects/FileUMGTest/ImageCompare/Content/FileBrowser/Blueprints/Actor/Android_Pawn.uasset" 240
"../../../Engine/Content/EngineSky/T_Sky_Blue.uasset" 241
"../../../Engine/Content/EngineSky/T_Sky_Clouds_M.uasset" 242
"../../../Engine/Content/EngineSky/T_Sky_Stars.uasset" 243
"../../../Engine/Content/EngineSky/M_Sky_Panning_Clouds2.uasset" 244
"../../../Engine/Content/EngineSky/SM_SkySphere.uasset" 245
"../../../Engine/Content/EngineSky/C_Sky_Zenith_Color.uasset" 246
"../../../Engine/Content/EngineSky/C_Sky_Horizon_Color.uasset" 247
"../../../Engine/Content/EngineSky/C_Sky_Cloud_Color.uasset" 248
"../../../Engine/Content/EngineSky/BP_Sky_Sphere.uasset" 249
"../../../../../../UnrealProjects/FileUMGTest/ImageCompare/Content/FileBrowser/Maps/Example_Browser_Android_BuiltData.uasset" 250
"../../../../../../UnrealProjects/FileUMGTest/ImageCompare/Content/FileBrowser/Maps/Example_Browser_Android.umap" 251
"../../../../../../UnrealProjects/FileUMGTest/ImageCompare/Content/FileBrowser/Blueprints/Actor/PC_Pawn.uasset" 252
"../../../../../../UnrealProjects/FileUMGTest/ImageCompare/Content/FileBrowser/Maps/Example_Browser_PC_BuiltData.uasset" 253
"../../../Engine/Content/MapTemplates/SM_Template_Map_Floor.uasset" 254
"../../../../../../UnrealProjects/FileUMGTest/ImageCompare/Content/FileBrowser/Maps/Example_Browser_PC.umap" 255
"../../../../../../UnrealProjects/FileUMGTest/ImageCompare/Content/FileBrowser/Blueprints/Actor/FileBrowser3D_PC.uasset" 256
"../../../Engine/Content/BasicShapes/BasicShapeMaterial.uasset" 257
"../../../Engine/Content/BasicShapes/Sphere.uasset" 258
"../../../../../../UnrealProjects/FileUMGTest/ImageCompare/Content/FileBrowser/Blueprints/Actor/VR_Pawn.uasset" 259
"../../../../../../UnrealProjects/FileUMGTest/ImageCompare/Content/FileBrowser/Maps/Example_Browser_VR_BuiltData.uasset" 260
"../../../../../../UnrealProjects/FileUMGTest/ImageCompare/Content/FileBrowser/Maps/Example_Browser_VR.umap" 261
"../../../Engine/Content/Maps/Entry_BuiltData.uasset" 262
"../../../Engine/Content/Maps/Entry.umap" 263
